<?xml version="1.0" encoding="UTF-8"?>
<testng-results skipped="0" failed="0" total="1" passed="1">
  <reporter-output>
  </reporter-output>
  <suite name="Banking app testcasese" duration-ms="15800" started-at="2022-01-29T11:52:01Z" finished-at="2022-01-29T11:52:16Z">
    <groups>
    </groups>
    <test name="Regression Test" duration-ms="15800" started-at="2022-01-29T11:52:01Z" finished-at="2022-01-29T11:52:16Z">
      <class name="test.LoginTest">
        <test-method status="PASS" signature="setup()[pri:0, instance:test.LoginTest@78047b92]" name="setup" is-config="true" duration-ms="5097" started-at="2022-01-29T11:52:01Z" finished-at="2022-01-29T11:52:06Z">
        </test-method> <!-- setup -->
        <test-method status="PASS" signature="testcase1(java.lang.String, java.lang.String)[pri:0, instance:test.LoginTest@78047b92]" name="testcase1" duration-ms="9962" started-at="2022-01-29T11:52:06Z" finished-at="2022-01-29T11:52:16Z">
          <params>
            <param index="0">
              <value>
                <![CDATA[abc@xyz.com]]>
              </value>
            </param>
            <param index="1">
              <value>
                <![CDATA[Abc1234567]]>
              </value>
            </param>
          </params>
        </test-method> <!-- testcase1 -->
        <test-method status="PASS" signature="cleanup()[pri:0, instance:test.LoginTest@78047b92]" name="cleanup" is-config="true" duration-ms="717" started-at="2022-01-29T11:52:16Z" finished-at="2022-01-29T11:52:16Z">
        </test-method> <!-- cleanup -->
      </class> <!-- test.LoginTest -->
    </test> <!-- Regression Test -->
  </suite> <!-- Banking app testcasese -->
</testng-results>
