<?xml version="1.0" encoding="UTF-8"?>
<testng-results total="1" passed="1" failed="0" skipped="0">
  <reporter-output>
  </reporter-output>
  <suite started-at="2022-01-29T11:33:25Z" name="Banking app testcasese" finished-at="2022-01-29T11:33:41Z" duration-ms="15923">
    <groups>
    </groups>
    <test started-at="2022-01-29T11:33:25Z" name="Regression Test" finished-at="2022-01-29T11:33:41Z" duration-ms="15923">
      <class name="test.LoginTest">
        <test-method is-config="true" signature="setup()[pri:0, instance:test.LoginTest@6e15fe2]" started-at="2022-01-29T11:33:25Z" name="setup" finished-at="2022-01-29T11:33:30Z" duration-ms="4507" status="PASS">
        </test-method> <!-- setup -->
        <test-method signature="testcase1(java.lang.String, java.lang.String)[pri:0, instance:test.LoginTest@6e15fe2]" started-at="2022-01-29T11:33:30Z" name="testcase1" finished-at="2022-01-29T11:33:40Z" duration-ms="10677" status="PASS">
          <params>
            <param index="0">
              <value>
                <![CDATA[abc@xyz.com]]>
              </value>
            </param>
            <param index="1">
              <value>
                <![CDATA[Abc1234567]]>
              </value>
            </param>
          </params>
        </test-method> <!-- testcase1 -->
        <test-method is-config="true" signature="cleanup()[pri:0, instance:test.LoginTest@6e15fe2]" started-at="2022-01-29T11:33:40Z" name="cleanup" finished-at="2022-01-29T11:33:41Z" duration-ms="721" status="PASS">
        </test-method> <!-- cleanup -->
      </class> <!-- test.LoginTest -->
    </test> <!-- Regression Test -->
  </suite> <!-- Banking app testcasese -->
</testng-results>
