<?xml version="1.0" encoding="UTF-8"?>
<!-- Generated by org.testng.reporters.JUnitReportReporter -->
<testsuite hostname="LAPTOP-4PI9AD3G" failures="0" tests="3" name="testngExample.Testcase1" time="0.008" errors="0" timestamp="29 Jan 2022 05:24:25 GMT">
  <testcase classname="testngExample.Testcase1" name="LoanTest" time="0.001"/>
  <testcase classname="testngExample.Testcase1" name="Creditcard" time="0.005"/>
  <testcase classname="testngExample.Testcase1" name="LoanTest1" time="0.002"/>
</testsuite> <!-- testngExample.Testcase1 -->
